<?xml version="1.0" encoding="utf-8"?><testsuites name="pytest tests"><testsuite name="pytest" errors="0" failures="0" skipped="0" tests="10" time="2.532" timestamp="2026-03-12T22:05:06.333438+00:00" hostname="agent-env-e00fb7cf-d5f0-43ec-9198-61153a3d2a15"><testcase classname="backend.tests.test_api_endpoints.TestLeadsAPI" name="test_create_lead_valid" time="0.491" /><testcase classname="backend.tests.test_api_endpoints.TestLeadsAPI" name="test_create_lead_invalid_email" time="0.179" /><testcase classname="backend.tests.test_api_endpoints.TestLeadsAPI" name="test_get_all_leads" time="0.144" /><testcase classname="backend.tests.test_api_endpoints.TestLeadsAPI" name="test_delete_lead" time="0.386" /><testcase classname="backend.tests.test_api_endpoints.TestQuotesAPI" name="test_create_quote_valid" time="0.407" /><testcase classname="backend.tests.test_api_endpoints.TestQuotesAPI" name="test_get_all_quotes" time="0.132" /><testcase classname="backend.tests.test_api_endpoints.TestNewsletterAPI" name="test_subscribe_newsletter_valid" time="0.128" /><testcase classname="backend.tests.test_api_endpoints.TestNewsletterAPI" name="test_subscribe_newsletter_duplicate" time="0.378" /><testcase classname="backend.tests.test_api_endpoints.TestNewsletterAPI" name="test_get_all_subscriptions" time="0.120" /><testcase classname="backend.tests.test_api_endpoints.TestHealthCheck" name="test_api_root" time="0.148" /></testsuite></testsuites>