<?xml version="1.0" encoding="utf-8"?><testsuites name="pytest tests"><testsuite name="pytest" errors="0" failures="0" skipped="0" tests="9" time="1.059" timestamp="2026-05-07T10:40:49.078991+00:00" hostname="agent-env-cda34210-1257-4ecd-a3fe-fe36fa5b39dd"><testcase classname="tests.test_tradeflow_leads.TestLeadsAPI" name="test_create_lead_success" time="0.135" /><testcase classname="tests.test_tradeflow_leads.TestLeadsAPI" name="test_create_lead_minimal_fields" time="0.120" /><testcase classname="tests.test_tradeflow_leads.TestLeadsAPI" name="test_create_lead_missing_required_fields" time="0.112" /><testcase classname="tests.test_tradeflow_leads.TestLeadsAPI" name="test_create_lead_invalid_email" time="0.108" /><testcase classname="tests.test_tradeflow_leads.TestHealthEndpoints" name="test_api_root" time="0.108" /><testcase classname="tests.test_tradeflow_leads.TestHealthEndpoints" name="test_status_endpoint_post" time="0.104" /><testcase classname="tests.test_tradeflow_leads.TestHealthEndpoints" name="test_status_endpoint_get" time="0.111" /><testcase classname="tests.test_tradeflow_leads.TestNewsletterAPI" name="test_newsletter_subscribe" time="0.110" /><testcase classname="tests.test_tradeflow_leads.TestQuotesAPI" name="test_create_quote_request" time="0.127" /></testsuite></testsuites>